<?xml version="1.0" ?>
<web-app version="3.0"
         xmlns="http://java.sun.com/xml/ns/javaee"
         xmlns:xsi="http://www.w3.org/2001/XMLSchema-instance"
         xsi:schemaLocation="http://java.sun.com/xml/ns/javaee http://java.sun.com/xml/ns/javaee/web-app_3_0.xsd">


    <!--
	Make sure Liquibase is the first listener, so that it can update the database schema before
	anyone uses the database.
	 -->

    <context-param>
        <param-name>liquibase.changelog</param-name>
        <param-value>db/db.changelog.xml</param-value>
    </context-param>

    <context-param>
        <param-name>liquibase.datasource</param-name>
        <param-value>java:jboss/datasources/zanataTestDatasource</param-value>
    </context-param>
    <!--
    <context-param>
        <param-name>liquibase.host.excludes</param-name>
        <param-value>production1.example.com, production2.example.com</param-value>
    </context-param>
     -->

    <context-param>
        <param-name>liquibase.onerror.fail</param-name>
        <param-value>true</param-value>
    </context-param>

    <!--
    <context-param>
        <param-name>liquibase.contexts</param-name>
        <param-value>production</param-value>
    </context-param>
     -->

    <listener>
        <listener-class>liquibase.integration.servlet.LiquibaseServletListener</listener-class>
    </listener>

    <listener>
        <listener-class>org.jboss.seam.servlet.SeamListener</listener-class>
    </listener>

    <filter>
        <filter-name>Seam Filter</filter-name>
        <filter-class>org.jboss.seam.servlet.SeamFilter</filter-class>
    </filter>

    <filter-mapping>
        <filter-name>Seam Filter</filter-name>
        <url-pattern>/*</url-pattern>
    </filter-mapping>

    <servlet>
        <servlet-name>Seam Resource Servlet</servlet-name>
        <servlet-class>org.jboss.seam.servlet.SeamResourceServlet</servlet-class>
    </servlet>

    <servlet-mapping>
        <servlet-name>Seam Resource Servlet</servlet-name>
        <url-pattern>/seam/resource/*</url-pattern>
    </servlet-mapping>


</web-app>